2022-06-21 00:03:46.943  INFO 17364 --- [AsyncResolver-bootstrap-executor-0] c.n.d.s.r.aws.ConfigClusterResolver      : Resolving eureka endpoints via configuration
2022-06-21 00:08:47.152  INFO 17364 --- [AsyncResolver-bootstrap-executor-0] c.n.d.s.r.aws.ConfigClusterResolver      : Resolving eureka endpoints via configuration
2022-06-21 00:13:47.155  INFO 17364 --- [AsyncResolver-bootstrap-executor-0] c.n.d.s.r.aws.ConfigClusterResolver      : Resolving eureka endpoints via configuration
2022-06-21 00:18:47.168  INFO 17364 --- [AsyncResolver-bootstrap-executor-0] c.n.d.s.r.aws.ConfigClusterResolver      : Resolving eureka endpoints via configuration
2022-06-21 00:23:47.179  INFO 17364 --- [AsyncResolver-bootstrap-executor-0] c.n.d.s.r.aws.ConfigClusterResolver      : Resolving eureka endpoints via configuration
2022-06-21 00:28:47.182  INFO 17364 --- [AsyncResolver-bootstrap-executor-0] c.n.d.s.r.aws.ConfigClusterResolver      : Resolving eureka endpoints via configuration
2022-06-21 00:30:03.897  INFO 17364 --- [Thread-1] o.s.c.n.e.s.EurekaServiceRegistry        : Unregistering application USERSERVICE with eureka with status DOWN
2022-06-21 00:30:03.899  INFO 17364 --- [Thread-1] com.netflix.discovery.DiscoveryClient    : Saw local status change event StatusChangeEvent [timestamp=1655751603899, current=DOWN, previous=UP]
2022-06-21 00:30:03.909  INFO 17364 --- [DiscoveryClient-InstanceInfoReplicator-0] com.netflix.discovery.DiscoveryClient    : DiscoveryClient_USERSERVICE/DESKTOP-IPTL59A:UserService:8084: registering service...
2022-06-21 00:30:04.795  INFO 17364 --- [DiscoveryClient-InstanceInfoReplicator-0] com.netflix.discovery.DiscoveryClient    : DiscoveryClient_USERSERVICE/DESKTOP-IPTL59A:UserService:8084 - registration status: 204
2022-06-21 00:30:08.210  INFO 17364 --- [Thread-1] com.netflix.discovery.DiscoveryClient    : Shutting down DiscoveryClient ...
2022-06-21 00:30:11.339  INFO 17364 --- [Thread-1] com.netflix.discovery.DiscoveryClient    : Unregistering ...
2022-06-21 00:30:11.901  INFO 17364 --- [Thread-1] com.netflix.discovery.DiscoveryClient    : DiscoveryClient_USERSERVICE/DESKTOP-IPTL59A:UserService:8084 - deregister  status: 200
2022-06-21 00:30:12.161  INFO 17364 --- [Thread-1] com.netflix.discovery.DiscoveryClient    : Completed shut down of DiscoveryClient
2022-06-21 00:30:48.391  INFO 17364 --- [restartedMain] com.cg.user.UserServiceApplication       : Starting UserServiceApplication using Java 17.0.2 on DESKTOP-IPTL59A with PID 17364 (C:\Users\EDWAR\Documents\AWSCertificationPortalUpdated\UserService\target\classes started by EDWAR in C:\Users\EDWAR\Documents\AWSCertificationPortalUpdated\UserService)
2022-06-21 00:30:48.392  INFO 17364 --- [restartedMain] com.cg.user.UserServiceApplication       : No active profile set, falling back to 1 default profile: "default"
2022-06-21 00:30:49.308  INFO 17364 --- [restartedMain] .s.d.r.c.RepositoryConfigurationDelegate : Bootstrapping Spring Data MongoDB repositories in DEFAULT mode.
2022-06-21 00:30:49.420  INFO 17364 --- [restartedMain] .s.d.r.c.RepositoryConfigurationDelegate : Finished Spring Data repository scanning in 111 ms. Found 3 MongoDB repository interfaces.
2022-06-21 00:30:49.587  INFO 17364 --- [restartedMain] o.s.cloud.context.scope.GenericScope     : BeanFactory id=49cf49a0-8718-35a8-99f4-10d731f6c3be
2022-06-21 00:30:49.869  INFO 17364 --- [restartedMain] o.s.b.w.embedded.tomcat.TomcatWebServer  : Tomcat initialized with port(s): 8084 (http)
2022-06-21 00:30:49.870  INFO 17364 --- [restartedMain] o.apache.catalina.core.StandardService   : Starting service [Tomcat]
2022-06-21 00:30:49.870  INFO 17364 --- [restartedMain] org.apache.catalina.core.StandardEngine  : Starting Servlet engine: [Apache Tomcat/9.0.63]
2022-06-21 00:30:49.919  INFO 17364 --- [restartedMain] o.a.c.c.C.[Tomcat-1].[localhost].[/]     : Initializing Spring embedded WebApplicationContext
2022-06-21 00:30:49.919  INFO 17364 --- [restartedMain] w.s.c.ServletWebServerApplicationContext : Root WebApplicationContext: initialization completed in 1521 ms
2022-06-21 00:30:50.091  INFO 17364 --- [restartedMain] org.mongodb.driver.client                : MongoClient with metadata {"driver": {"name": "mongo-java-driver|sync|spring-boot", "version": "4.6.0"}, "os": {"type": "Windows", "name": "Windows 10", "architecture": "amd64", "version": "10.0"}, "platform": "Java/Eclipse Adoptium/17.0.2+8"} created with settings MongoClientSettings{readPreference=primary, writeConcern=WriteConcern{w=majority, wTimeout=null ms, journal=null}, retryWrites=true, retryReads=true, readConcern=ReadConcern{level=null}, credential=MongoCredential{mechanism=null, userName='Mitesh', source='admin', password=<hidden>, mechanismProperties=<hidden>}, streamFactoryFactory=null, commandListeners=[], codecRegistry=ProvidersCodecRegistry{codecProviders=[ValueCodecProvider{}, BsonValueCodecProvider{}, DBRefCodecProvider{}, DBObjectCodecProvider{}, DocumentCodecProvider{}, IterableCodecProvider{}, MapCodecProvider{}, GeoJsonCodecProvider{}, GridFSFileCodecProvider{}, Jsr310CodecProvider{}, JsonObjectCodecProvider{}, BsonCodecProvider{}, EnumCodecProvider{}, com.mongodb.Jep395RecordCodecProvider@9da2e61]}, clusterSettings={hosts=[127.0.0.1:27017], srvHost=clustertest.mbl85.mongodb.net, srvServiceName=mongodb, mode=MULTIPLE, requiredClusterType=REPLICA_SET, requiredReplicaSetName='atlas-98txs8-shard-0', serverSelector='null', clusterListeners='[]', serverSelectionTimeout='30000 ms', localThreshold='30000 ms'}, socketSettings=SocketSettings{connectTimeoutMS=10000, readTimeoutMS=0, receiveBufferSize=0, sendBufferSize=0}, heartbeatSocketSettings=SocketSettings{connectTimeoutMS=10000, readTimeoutMS=10000, receiveBufferSize=0, sendBufferSize=0}, connectionPoolSettings=ConnectionPoolSettings{maxSize=100, minSize=0, maxWaitTimeMS=120000, maxConnectionLifeTimeMS=0, maxConnectionIdleTimeMS=0, maintenanceInitialDelayMS=0, maintenanceFrequencyMS=60000, connectionPoolListeners=[], maxConnecting=2}, serverSettings=ServerSettings{heartbeatFrequencyMS=10000, minHeartbeatFrequencyMS=500, serverListeners='[]', serverMonitorListeners='[]'}, sslSettings=SslSettings{enabled=true, invalidHostNameAllowed=false, context=null}, applicationName='null', compressorList=[], uuidRepresentation=JAVA_LEGACY, serverApi=null, autoEncryptionSettings=null, contextProvider=null}
2022-06-21 00:30:50.107  INFO 17364 --- [cluster-ClusterId{value='62b0c3e246021926d4cfbfb4', description='null'}-srv-clustertest.mbl85.mongodb.net] org.mongodb.driver.cluster               : Adding discovered server clustertest-shard-00-00.mbl85.mongodb.net:27017 to client view of cluster
2022-06-21 00:30:50.108  INFO 17364 --- [cluster-ClusterId{value='62b0c3e246021926d4cfbfb4', description='null'}-srv-clustertest.mbl85.mongodb.net] org.mongodb.driver.cluster               : Adding discovered server clustertest-shard-00-02.mbl85.mongodb.net:27017 to client view of cluster
2022-06-21 00:30:50.109  INFO 17364 --- [cluster-ClusterId{value='62b0c3e246021926d4cfbfb4', description='null'}-srv-clustertest.mbl85.mongodb.net] org.mongodb.driver.cluster               : Adding discovered server clustertest-shard-00-01.mbl85.mongodb.net:27017 to client view of cluster
2022-06-21 00:30:50.121  WARN 17364 --- [restartedMain] o.s.data.convert.CustomConversions       : Registering converter from class java.time.LocalDateTime to class org.joda.time.LocalDateTime as reading converter although it doesn't convert from a store-supported type! You might want to check your annotation setup at the converter implementation.
2022-06-21 00:30:50.238  WARN 17364 --- [restartedMain] o.s.data.convert.CustomConversions       : Registering converter from class java.time.LocalDateTime to class org.joda.time.LocalDateTime as reading converter although it doesn't convert from a store-supported type! You might want to check your annotation setup at the converter implementation.
2022-06-21 00:30:50.431  INFO 17364 --- [cluster-ClusterId{value='62b0c3e246021926d4cfbfb4', description='null'}-clustertest-shard-00-00.mbl85.mongodb.net:27017] org.mongodb.driver.connection            : Opened connection [connectionId{localValue:10, serverValue:279356}] to clustertest-shard-00-00.mbl85.mongodb.net:27017
2022-06-21 00:30:50.432  INFO 17364 --- [cluster-ClusterId{value='62b0c3e246021926d4cfbfb4', description='null'}-clustertest-shard-00-00.mbl85.mongodb.net:27017] org.mongodb.driver.cluster               : Monitor thread successfully connected to server with description ServerDescription{address=clustertest-shard-00-00.mbl85.mongodb.net:27017, type=REPLICA_SET_SECONDARY, state=CONNECTED, ok=true, minWireVersion=0, maxWireVersion=13, maxDocumentSize=16777216, logicalSessionTimeoutMinutes=30, roundTripTimeNanos=230827500, setName='atlas-98txs8-shard-0', canonicalAddress=clustertest-shard-00-00.mbl85.mongodb.net:27017, hosts=[clustertest-shard-00-01.mbl85.mongodb.net:27017, clustertest-shard-00-02.mbl85.mongodb.net:27017, clustertest-shard-00-00.mbl85.mongodb.net:27017], passives=[], arbiters=[], primary='clustertest-shard-00-02.mbl85.mongodb.net:27017', tagSet=TagSet{[Tag{name='nodeType', value='ELECTABLE'}, Tag{name='provider', value='AWS'}, Tag{name='region', value='AP_SOUTH_1'}, Tag{name='workloadType', value='OPERATIONAL'}]}, electionId=null, setVersion=7, topologyVersion=TopologyVersion{processId=62a7437e3f0457ee379b7209, counter=4}, lastWriteDate=Tue Jun 21 00:30:50 IST 2022, lastUpdateTimeNanos=429529597447000}
2022-06-21 00:30:50.432  INFO 17364 --- [cluster-ClusterId{value='62b0c3e246021926d4cfbfb4', description='null'}-clustertest-shard-00-01.mbl85.mongodb.net:27017] org.mongodb.driver.connection            : Opened connection [connectionId{localValue:14, serverValue:278865}] to clustertest-shard-00-01.mbl85.mongodb.net:27017
2022-06-21 00:30:50.432  INFO 17364 --- [cluster-ClusterId{value='62b0c3e246021926d4cfbfb4', description='null'}-clustertest-shard-00-01.mbl85.mongodb.net:27017] org.mongodb.driver.cluster               : Monitor thread successfully connected to server with description ServerDescription{address=clustertest-shard-00-01.mbl85.mongodb.net:27017, type=REPLICA_SET_SECONDARY, state=CONNECTED, ok=true, minWireVersion=0, maxWireVersion=13, maxDocumentSize=16777216, logicalSessionTimeoutMinutes=30, roundTripTimeNanos=231702900, setName='atlas-98txs8-shard-0', canonicalAddress=clustertest-shard-00-01.mbl85.mongodb.net:27017, hosts=[clustertest-shard-00-01.mbl85.mongodb.net:27017, clustertest-shard-00-02.mbl85.mongodb.net:27017, clustertest-shard-00-00.mbl85.mongodb.net:27017], passives=[], arbiters=[], primary='clustertest-shard-00-02.mbl85.mongodb.net:27017', tagSet=TagSet{[Tag{name='nodeType', value='ELECTABLE'}, Tag{name='provider', value='AWS'}, Tag{name='region', value='AP_SOUTH_1'}, Tag{name='workloadType', value='OPERATIONAL'}]}, electionId=null, setVersion=7, topologyVersion=TopologyVersion{processId=62a74465ee32052add28a220, counter=3}, lastWriteDate=Tue Jun 21 00:30:50 IST 2022, lastUpdateTimeNanos=429529598138300}
2022-06-21 00:30:50.437  INFO 17364 --- [cluster-rtt-ClusterId{value='62b0c3e246021926d4cfbfb4', description='null'}-clustertest-shard-00-00.mbl85.mongodb.net:27017] org.mongodb.driver.connection            : Opened connection [connectionId{localValue:11, serverValue:279356}] to clustertest-shard-00-00.mbl85.mongodb.net:27017
2022-06-21 00:30:50.439  INFO 17364 --- [cluster-rtt-ClusterId{value='62b0c3e246021926d4cfbfb4', description='null'}-clustertest-shard-00-01.mbl85.mongodb.net:27017] org.mongodb.driver.connection            : Opened connection [connectionId{localValue:15, serverValue:278865}] to clustertest-shard-00-01.mbl85.mongodb.net:27017
2022-06-21 00:30:50.441  INFO 17364 --- [cluster-ClusterId{value='62b0c3e246021926d4cfbfb4', description='null'}-clustertest-shard-00-02.mbl85.mongodb.net:27017] org.mongodb.driver.connection            : Opened connection [connectionId{localValue:12, serverValue:311680}] to clustertest-shard-00-02.mbl85.mongodb.net:27017
2022-06-21 00:30:50.441  INFO 17364 --- [cluster-ClusterId{value='62b0c3e246021926d4cfbfb4', description='null'}-clustertest-shard-00-02.mbl85.mongodb.net:27017] org.mongodb.driver.cluster               : Monitor thread successfully connected to server with description ServerDescription{address=clustertest-shard-00-02.mbl85.mongodb.net:27017, type=REPLICA_SET_PRIMARY, state=CONNECTED, ok=true, minWireVersion=0, maxWireVersion=13, maxDocumentSize=16777216, logicalSessionTimeoutMinutes=30, roundTripTimeNanos=230551000, setName='atlas-98txs8-shard-0', canonicalAddress=clustertest-shard-00-02.mbl85.mongodb.net:27017, hosts=[clustertest-shard-00-01.mbl85.mongodb.net:27017, clustertest-shard-00-02.mbl85.mongodb.net:27017, clustertest-shard-00-00.mbl85.mongodb.net:27017], passives=[], arbiters=[], primary='clustertest-shard-00-02.mbl85.mongodb.net:27017', tagSet=TagSet{[Tag{name='nodeType', value='ELECTABLE'}, Tag{name='provider', value='AWS'}, Tag{name='region', value='AP_SOUTH_1'}, Tag{name='workloadType', value='OPERATIONAL'}]}, electionId=7fffffff00000000000000ef, setVersion=7, topologyVersion=TopologyVersion{processId=62a743f4f7575470b3957dc3, counter=6}, lastWriteDate=Tue Jun 21 00:30:50 IST 2022, lastUpdateTimeNanos=429529606770600}
2022-06-21 00:30:50.442  INFO 17364 --- [cluster-ClusterId{value='62b0c3e246021926d4cfbfb4', description='null'}-clustertest-shard-00-02.mbl85.mongodb.net:27017] org.mongodb.driver.cluster               : Setting max election id to 7fffffff00000000000000ef from replica set primary clustertest-shard-00-02.mbl85.mongodb.net:27017
2022-06-21 00:30:50.442  INFO 17364 --- [cluster-ClusterId{value='62b0c3e246021926d4cfbfb4', description='null'}-clustertest-shard-00-02.mbl85.mongodb.net:27017] org.mongodb.driver.cluster               : Setting max set version to 7 from replica set primary clustertest-shard-00-02.mbl85.mongodb.net:27017
2022-06-21 00:30:50.442  INFO 17364 --- [cluster-ClusterId{value='62b0c3e246021926d4cfbfb4', description='null'}-clustertest-shard-00-02.mbl85.mongodb.net:27017] org.mongodb.driver.cluster               : Discovered replica set primary clustertest-shard-00-02.mbl85.mongodb.net:27017
2022-06-21 00:30:50.446  INFO 17364 --- [cluster-rtt-ClusterId{value='62b0c3e246021926d4cfbfb4', description='null'}-clustertest-shard-00-02.mbl85.mongodb.net:27017] org.mongodb.driver.connection            : Opened connection [connectionId{localValue:13, serverValue:311680}] to clustertest-shard-00-02.mbl85.mongodb.net:27017
2022-06-21 00:30:50.550  INFO 17364 --- [restartedMain] com.cg.user.aop.MyAspects                : Request for com.cg.user.security.UserSecurityConfig.jwtAuthenticationFilter with arguments[s] =  []
2022-06-21 00:30:50.567  INFO 17364 --- [restartedMain] com.cg.user.aop.MyAspects                : Response for com.cg.user.security.UserSecurityConfig.jwtAuthenticationFilter with value =  com.cg.user.security.JwtAuthenticationFilter@1a1a8211
2022-06-21 00:30:50.568  INFO 17364 --- [restartedMain] com.cg.user.aop.MyAspects                : Resolution for com.cg.user.security.UserSecurityConfig.jwtAuthenticationFilter Execution Time taken =  15ms
2022-06-21 00:30:50.645  WARN 17364 --- [restartedMain] o.s.b.d.a.OptionalLiveReloadServer       : Unable to start LiveReload server
2022-06-21 00:30:50.691  INFO 17364 --- [restartedMain] com.cg.user.aop.MyAspects                : Request for com.cg.user.security.UserSecurityConfig.passwordEncoder with arguments[s] =  []
2022-06-21 00:30:50.692  INFO 17364 --- [restartedMain] com.cg.user.aop.MyAspects                : Response for com.cg.user.security.UserSecurityConfig.passwordEncoder with value =  org.springframework.security.crypto.bcrypt.BCryptPasswordEncoder@18387b64
2022-06-21 00:30:50.692  INFO 17364 --- [restartedMain] com.cg.user.aop.MyAspects                : Resolution for com.cg.user.security.UserSecurityConfig.passwordEncoder Execution Time taken =  0ms
2022-06-21 00:30:50.744  INFO 17364 --- [restartedMain] com.cg.user.aop.MyAspects                : Request for com.cg.user.security.UserSecurityConfig.authenticationManagerBean with arguments[s] =  []
2022-06-21 00:30:50.745  INFO 17364 --- [restartedMain] com.cg.user.aop.MyAspects                : Response for com.cg.user.security.UserSecurityConfig.authenticationManagerBean with value =  org.springframework.security.config.annotation.web.configuration.WebSecurityConfigurerAdapter$AuthenticationManagerDelegator@46c310c3
2022-06-21 00:30:50.745  INFO 17364 --- [restartedMain] com.cg.user.aop.MyAspects                : Resolution for com.cg.user.security.UserSecurityConfig.authenticationManagerBean Execution Time taken =  0ms
2022-06-21 00:30:51.063  INFO 17364 --- [restartedMain] pertySourcedRequestMappingHandlerMapping : Mapped URL path [/v2/api-docs] onto method [springfox.documentation.swagger2.web.Swagger2Controller#getDocumentation(String, HttpServletRequest)]
2022-06-21 00:30:51.171  WARN 17364 --- [restartedMain] o.s.s.c.a.web.builders.WebSecurity       : You are asking Spring Security to ignore Mvc [pattern='/**', OPTIONS]. This is not recommended -- please use permitAll via HttpSecurity#authorizeHttpRequests instead.
2022-06-21 00:30:51.171  INFO 17364 --- [restartedMain] o.s.s.web.DefaultSecurityFilterChain     : Will not secure Mvc [pattern='/**', OPTIONS]
2022-06-21 00:30:51.171  WARN 17364 --- [restartedMain] o.s.s.c.a.web.builders.WebSecurity       : You are asking Spring Security to ignore Mvc [pattern='/swagger-ui.html/**']. This is not recommended -- please use permitAll via HttpSecurity#authorizeHttpRequests instead.
2022-06-21 00:30:51.171  INFO 17364 --- [restartedMain] o.s.s.web.DefaultSecurityFilterChain     : Will not secure Mvc [pattern='/swagger-ui.html/**']
2022-06-21 00:30:51.172  WARN 17364 --- [restartedMain] o.s.s.c.a.web.builders.WebSecurity       : You are asking Spring Security to ignore Mvc [pattern='/configuration/**']. This is not recommended -- please use permitAll via HttpSecurity#authorizeHttpRequests instead.
2022-06-21 00:30:51.172  INFO 17364 --- [restartedMain] o.s.s.web.DefaultSecurityFilterChain     : Will not secure Mvc [pattern='/configuration/**']
2022-06-21 00:30:51.172  WARN 17364 --- [restartedMain] o.s.s.c.a.web.builders.WebSecurity       : You are asking Spring Security to ignore Mvc [pattern='/swagger-resources/**']. This is not recommended -- please use permitAll via HttpSecurity#authorizeHttpRequests instead.
2022-06-21 00:30:51.172  INFO 17364 --- [restartedMain] o.s.s.web.DefaultSecurityFilterChain     : Will not secure Mvc [pattern='/swagger-resources/**']
2022-06-21 00:30:51.172  WARN 17364 --- [restartedMain] o.s.s.c.a.web.builders.WebSecurity       : You are asking Spring Security to ignore Mvc [pattern='/v2/api-docs']. This is not recommended -- please use permitAll via HttpSecurity#authorizeHttpRequests instead.
2022-06-21 00:30:51.172  INFO 17364 --- [restartedMain] o.s.s.web.DefaultSecurityFilterChain     : Will not secure Mvc [pattern='/v2/api-docs']
2022-06-21 00:30:51.172  WARN 17364 --- [restartedMain] o.s.s.c.a.web.builders.WebSecurity       : You are asking Spring Security to ignore Mvc [pattern='/webjars/**']. This is not recommended -- please use permitAll via HttpSecurity#authorizeHttpRequests instead.
2022-06-21 00:30:51.172  INFO 17364 --- [restartedMain] o.s.s.web.DefaultSecurityFilterChain     : Will not secure Mvc [pattern='/webjars/**']
2022-06-21 00:30:51.208  INFO 17364 --- [restartedMain] o.s.s.web.DefaultSecurityFilterChain     : Will secure any request with [org.springframework.security.web.session.DisableEncodeUrlFilter@74b96403, org.springframework.security.web.context.request.async.WebAsyncManagerIntegrationFilter@1641f037, org.springframework.security.web.context.SecurityContextPersistenceFilter@151505fd, org.springframework.security.web.header.HeaderWriterFilter@65936681, org.springframework.security.web.authentication.logout.LogoutFilter@71e77cc7, com.cg.user.security.JwtAuthenticationFilter@1a1a8211, org.springframework.security.web.savedrequest.RequestCacheAwareFilter@78c943ee, org.springframework.security.web.servletapi.SecurityContextHolderAwareRequestFilter@6a0a522a, org.springframework.security.web.authentication.AnonymousAuthenticationFilter@7c73daa5, org.springframework.security.web.session.SessionManagementFilter@624dda36, org.springframework.security.web.access.ExceptionTranslationFilter@47e1cdca, org.springframework.security.web.access.intercept.FilterSecurityInterceptor@2af8634c]
2022-06-21 00:30:51.440  INFO 17364 --- [restartedMain] DiscoveryClientOptionalArgsConfiguration : Eureka HTTP Client uses RestTemplate.
2022-06-21 00:30:51.511  WARN 17364 --- [restartedMain] iguration$LoadBalancerCaffeineWarnLogger : Spring Cloud LoadBalancer is currently working with the default cache. While this cache implementation is useful for development and tests, it's recommended to use Caffeine cache in production.You can switch to using Caffeine cache, by adding it and org.springframework.cache.caffeine.CaffeineCacheManager to the classpath.
2022-06-21 00:30:51.535  INFO 17364 --- [restartedMain] o.s.c.n.eureka.InstanceInfoFactory       : Setting initial instance status as: STARTING
2022-06-21 00:30:51.552  INFO 17364 --- [restartedMain] com.netflix.discovery.DiscoveryClient    : Initializing Eureka in region us-east-1
2022-06-21 00:30:51.552  INFO 17364 --- [restartedMain] c.n.d.s.r.aws.ConfigClusterResolver      : Resolving eureka endpoints via configuration
2022-06-21 00:30:51.560  INFO 17364 --- [restartedMain] com.netflix.discovery.DiscoveryClient    : Disable delta property : false
2022-06-21 00:30:51.560  INFO 17364 --- [restartedMain] com.netflix.discovery.DiscoveryClient    : Single vip registry refresh property : null
2022-06-21 00:30:51.561  INFO 17364 --- [restartedMain] com.netflix.discovery.DiscoveryClient    : Force full registry fetch : false
2022-06-21 00:30:51.561  INFO 17364 --- [restartedMain] com.netflix.discovery.DiscoveryClient    : Application is null : false
2022-06-21 00:30:51.561  INFO 17364 --- [restartedMain] com.netflix.discovery.DiscoveryClient    : Registered Applications size is zero : true
2022-06-21 00:30:51.561  INFO 17364 --- [restartedMain] com.netflix.discovery.DiscoveryClient    : Application version is -1: true
2022-06-21 00:30:51.561  INFO 17364 --- [restartedMain] com.netflix.discovery.DiscoveryClient    : Getting all instance registry info from the eureka server
2022-06-21 00:30:51.594  INFO 17364 --- [restartedMain] com.netflix.discovery.DiscoveryClient    : The response status is 200
2022-06-21 00:30:51.598  INFO 17364 --- [restartedMain] com.netflix.discovery.DiscoveryClient    : Starting heartbeat executor: renew interval is: 30
2022-06-21 00:30:51.603  INFO 17364 --- [restartedMain] c.n.discovery.InstanceInfoReplicator     : InstanceInfoReplicator onDemand update allowed rate per min is 4
2022-06-21 00:30:51.614  INFO 17364 --- [restartedMain] com.netflix.discovery.DiscoveryClient    : Discovery Client initialized at timestamp 1655751651614 with initial instances count: 1
2022-06-21 00:30:51.619  INFO 17364 --- [restartedMain] o.s.c.n.e.s.EurekaServiceRegistry        : Registering application USERSERVICE with eureka with status UP
2022-06-21 00:30:51.619  INFO 17364 --- [restartedMain] com.netflix.discovery.DiscoveryClient    : Saw local status change event StatusChangeEvent [timestamp=1655751651619, current=UP, previous=STARTING]
2022-06-21 00:30:51.620  INFO 17364 --- [DiscoveryClient-InstanceInfoReplicator-0] com.netflix.discovery.DiscoveryClient    : DiscoveryClient_USERSERVICE/DESKTOP-IPTL59A:UserService:8084: registering service...
2022-06-21 00:30:51.630  INFO 17364 --- [DiscoveryClient-InstanceInfoReplicator-0] com.netflix.discovery.DiscoveryClient    : DiscoveryClient_USERSERVICE/DESKTOP-IPTL59A:UserService:8084 - registration status: 204
2022-06-21 00:30:51.675  INFO 17364 --- [restartedMain] o.s.b.w.embedded.tomcat.TomcatWebServer  : Tomcat started on port(s): 8084 (http) with context path ''
2022-06-21 00:30:51.676  INFO 17364 --- [restartedMain] .s.c.n.e.s.EurekaAutoServiceRegistration : Updating port to 8084
2022-06-21 00:30:51.717  INFO 17364 --- [restartedMain] d.s.w.p.DocumentationPluginsBootstrapper : Context refreshed
2022-06-21 00:30:51.718  INFO 17364 --- [restartedMain] d.s.w.p.DocumentationPluginsBootstrapper : Found 1 custom documentation plugin(s)
2022-06-21 00:30:51.744  INFO 17364 --- [restartedMain] s.d.s.w.s.ApiListingReferenceScanner     : Scanning for api listing references
2022-06-21 00:30:52.008  INFO 17364 --- [restartedMain] com.cg.user.UserServiceApplication       : Started UserServiceApplication in 3.794 seconds (JVM running for 17849.411)
2022-06-21 00:30:52.011  INFO 17364 --- [restartedMain] .ConditionEvaluationDeltaLoggingListener : Condition evaluation unchanged
